<?xml version="1.0" encoding="UTF-8"?>
<!-- Generated by org.testng.reporters.JUnitXMLReporter -->
<testsuite hostname="DESKTOP-NNV0D1Q" ignored="0" name="Demo website Test" tests="1" failures="0" timestamp="25 May 2019 17:21:37 GMT" time="0.034" errors="0">
  <testcase name="@BeforeClass setup" time="0.0" classname="pageObjects.BaseClass">
    <failure type="org.testng.TestNGException" message="
Can inject only one of &amp;lt;ITestContext, XmlTest&amp;gt; into a @BeforeClass annotated setup.
For more information on native dependency injection please refer to http://testng.org/doc/documentation-main.html#native-dependency-injection">
      <![CDATA[org.testng.TestNGException: 
Can inject only one of <ITestContext, XmlTest> into a @BeforeClass annotated setup.
For more information on native dependency injection please refer to http://testng.org/doc/documentation-main.html#native-dependency-injection
... Removed 23 stack frames]]>
    </failure>
  </testcase> <!-- @BeforeClass setup -->
  <testcase name="launchHomePage" time="0.0" classname="testClass.HomePageTest">
    <skipped/>
  </testcase> <!-- launchHomePage -->
</testsuite> <!-- Demo website Test -->
