<?xml version="1.0" encoding="UTF-8"?>
<testng-results ignored="0" total="1" passed="1" failed="0" skipped="0">
  <reporter-output>
  </reporter-output>
  <suite started-at="2019-06-19T19:19:43Z" name="MyFramework" finished-at="2019-06-19T19:20:27Z" duration-ms="43650">
    <groups>
    </groups>
    <test started-at="2019-06-19T19:19:43Z" name="Demo website Test" finished-at="2019-06-19T19:20:27Z" duration-ms="43650">
      <class name="testClass.HomePageTest">
        <test-method is-config="true" signature="setup(java.lang.String)[pri:0, instance:testClass.HomePageTest@140e5a13]" started-at="2019-06-19T19:19:43Z" name="setup" finished-at="2019-06-19T19:20:26Z" duration-ms="43496" status="PASS">
          <params>
            <param index="0">
              <value>
                <![CDATA[chrome]]>
              </value>
            </param>
          </params>
          <reporter-output>
          </reporter-output>
        </test-method> <!-- setup -->
        <test-method signature="launchHomePage()[pri:0, instance:testClass.HomePageTest@140e5a13]" started-at="2019-06-19T19:20:26Z" name="launchHomePage" finished-at="2019-06-19T19:20:27Z" duration-ms="121" status="PASS">
          <reporter-output>
          </reporter-output>
        </test-method> <!-- launchHomePage -->
      </class> <!-- testClass.HomePageTest -->
    </test> <!-- Demo website Test -->
  </suite> <!-- MyFramework -->
</testng-results>
