<?xml version="1.0" encoding="UTF-8"?>
<testng-results skipped="0" failed="0" ignored="0" total="2" passed="2">
  <reporter-output>
  </reporter-output>
  <suite name="MyFramework" duration-ms="74570" started-at="2019-06-21T17:03:17Z" finished-at="2019-06-21T17:04:31Z">
    <groups>
    </groups>
    <test name="Demo website Test" duration-ms="74570" started-at="2019-06-21T17:03:17Z" finished-at="2019-06-21T17:04:31Z">
      <class name="testClass.StudentCreationTest">
        <test-method status="PASS" signature="setup(java.lang.String)[pri:0, instance:testClass.StudentCreationTest@5442a311]" name="setup" is-config="true" duration-ms="53882" started-at="2019-06-21T17:03:17Z" finished-at="2019-06-21T17:04:10Z">
          <params>
            <param index="0">
              <value>
                <![CDATA[chrome]]>
              </value>
            </param>
          </params>
          <reporter-output>
          </reporter-output>
        </test-method> <!-- setup -->
        <test-method status="PASS" signature="launchHomePage()[pri:0, instance:testClass.StudentCreationTest@5442a311]" name="launchHomePage" duration-ms="1417" started-at="2019-06-21T17:04:10Z" finished-at="2019-06-21T17:04:12Z">
          <reporter-output>
          </reporter-output>
        </test-method> <!-- launchHomePage -->
        <test-method status="PASS" signature="CreateStudent()[pri:1, instance:testClass.StudentCreationTest@5442a311]" name="CreateStudent" duration-ms="19254" started-at="2019-06-21T17:04:12Z" finished-at="2019-06-21T17:04:31Z">
          <reporter-output>
          </reporter-output>
        </test-method> <!-- CreateStudent -->
        <test-method status="PASS" signature="tearDown()[pri:0, instance:testClass.StudentCreationTest@5442a311]" name="tearDown" is-config="true" duration-ms="0" started-at="2019-06-21T17:04:31Z" finished-at="2019-06-21T17:04:31Z">
          <reporter-output>
          </reporter-output>
        </test-method> <!-- tearDown -->
      </class> <!-- testClass.StudentCreationTest -->
    </test> <!-- Demo website Test -->
  </suite> <!-- MyFramework -->
</testng-results>
