<?xml version="1.0" encoding="UTF-8"?>
<testng-results skipped="0" failed="0" ignored="0" total="2" passed="2">
  <reporter-output>
  </reporter-output>
  <suite name="MyFramework" duration-ms="32998" started-at="2019-06-20T16:20:30Z" finished-at="2019-06-20T16:21:03Z">
    <groups>
    </groups>
    <test name="Demo website Test" duration-ms="32998" started-at="2019-06-20T16:20:30Z" finished-at="2019-06-20T16:21:03Z">
      <class name="testClass.HomePageTest">
        <test-method status="PASS" signature="setup(java.lang.String)[pri:0, instance:testClass.HomePageTest@5442a311]" name="setup" is-config="true" duration-ms="18489" started-at="2019-06-20T16:20:30Z" finished-at="2019-06-20T16:20:48Z">
          <params>
            <param index="0">
              <value>
                <![CDATA[chrome]]>
              </value>
            </param>
          </params>
          <reporter-output>
          </reporter-output>
        </test-method> <!-- setup -->
        <test-method status="PASS" signature="launchHomePage()[pri:0, instance:testClass.HomePageTest@5442a311]" name="launchHomePage" duration-ms="940" started-at="2019-06-20T16:20:48Z" finished-at="2019-06-20T16:20:49Z">
          <reporter-output>
          </reporter-output>
        </test-method> <!-- launchHomePage -->
        <test-method status="PASS" signature="DashboardCounts()[pri:1, instance:testClass.HomePageTest@5442a311]" name="DashboardCounts" duration-ms="13547" started-at="2019-06-20T16:20:49Z" finished-at="2019-06-20T16:21:03Z">
          <reporter-output>
          </reporter-output>
        </test-method> <!-- DashboardCounts -->
        <test-method status="PASS" signature="tearDown()[pri:0, instance:testClass.HomePageTest@5442a311]" name="tearDown" is-config="true" duration-ms="0" started-at="2019-06-20T16:21:03Z" finished-at="2019-06-20T16:21:03Z">
          <reporter-output>
          </reporter-output>
        </test-method> <!-- tearDown -->
      </class> <!-- testClass.HomePageTest -->
    </test> <!-- Demo website Test -->
  </suite> <!-- MyFramework -->
</testng-results>
